<?xml version="1.0" encoding="UTF-8"?>
<!-- Generated by org.testng.reporters.JUnitXMLReporter -->
<testsuite hostname="AT-ESLap12" ignored="0" name="Car Name And Price Test" tests="4" failures="0" timestamp="12 Jan 2021 16:11:28 GMT" time="66.064" errors="0">
  <testcase name="carNameAndPriceTest" time="16.63" classname="testCases.CarNameAndPriceTest"/>
  <testcase name="carNameAndPriceTest" time="21.463" classname="testCases.CarNameAndPriceTest"/>
  <testcase name="carNameAndPriceTest" time="11.773" classname="testCases.CarNameAndPriceTest"/>
  <testcase name="carNameAndPriceTest" time="12.25" classname="testCases.CarNameAndPriceTest"/>
</testsuite> <!-- Car Name And Price Test -->
