<?xml version="1.0" encoding="UTF-8"?>
<!-- Generated by org.testng.reporters.JUnitXMLReporter -->
<testsuite hostname="AT-ESLap12" ignored="0" name="FindNewCarTest" tests="4" failures="0" timestamp="10 Jan 2021 15:16:16 GMT" time="55.442" errors="0">
  <testcase name="findCarTest" time="14.384" classname="testCases.FindNewCarTest"/>
  <testcase name="findCarTest" time="13.377" classname="testCases.FindNewCarTest"/>
  <testcase name="findCarTest" time="11.749" classname="testCases.FindNewCarTest"/>
  <testcase name="findCarTest" time="11.849" classname="testCases.FindNewCarTest"/>
</testsuite> <!-- FindNewCarTest -->
