<?xml version="1.0" encoding="UTF-8"?>
<!-- Generated by org.testng.reporters.JUnitXMLReporter -->
<testsuite hostname="AT-ESLap12" ignored="0" name="Find New Car Test" tests="4" failures="0" timestamp="12 Jan 2021 16:10:21 GMT" time="15.621" errors="0">
  <testcase name="findCarTest" time="14.611" classname="testCases.FindNewCarTest"/>
  <testcase name="findCarTest" time="0.007" classname="testCases.FindNewCarTest">
    <skipped/>
  </testcase> <!-- findCarTest -->
  <testcase name="findCarTest" time="0.019" classname="testCases.FindNewCarTest">
    <skipped/>
  </testcase> <!-- findCarTest -->
  <testcase name="findCarTest" time="0.006" classname="testCases.FindNewCarTest">
    <skipped/>
  </testcase> <!-- findCarTest -->
</testsuite> <!-- Find New Car Test -->
